╭─ ~                                                                                                                                      ✔  1046  23:23:50
╰─ ssh -i ~/.ssh/aws-ec2-test ec2-user@35.76.27.8

Last login: Thu Aug 25 10:26:42 2022 from i121-114-149-64.s41.a013.ap.plala.or.jp

       __|  __|_  )
       _|  (     /   Amazon Linux 2 AMI
      ___|\___|___|

https://aws.amazon.com/amazon-linux-2/
[ec2-user@ip-172-31-16-38 ~]$ 
[ec2-user@ip-172-31-16-38 ~]$ 
[ec2-user@ip-172-31-16-38 ~]$ sudo yum install -y postgresql-server.x86_64
読み込んだプラグイン:extras_suggestions, langpacks, priorities, update-motd
amzn2-core                                                                                                                               | 3.7 kB  00:00:00     
amzn2extra-docker                                                                                                                        | 3.0 kB  00:00:00     
依存性の解決をしています
--> トランザクションの確認を実行しています。
---> パッケージ postgresql-server.x86_64 0:9.2.24-6.amzn2 を インストール
--> 依存性の処理をしています: postgresql-libs(x86-64) = 9.2.24-6.amzn2 のパッケージ: postgresql-server-9.2.24-6.amzn2.x86_64
--> 依存性の処理をしています: postgresql(x86-64) = 9.2.24-6.amzn2 のパッケージ: postgresql-server-9.2.24-6.amzn2.x86_64
--> 依存性の処理をしています: libpq.so.5()(64bit) のパッケージ: postgresql-server-9.2.24-6.amzn2.x86_64
--> トランザクションの確認を実行しています。
---> パッケージ postgresql.x86_64 0:9.2.24-6.amzn2 を インストール
---> パッケージ postgresql-libs.x86_64 0:9.2.24-6.amzn2 を インストール
--> 依存性解決を終了しました。

依存性を解決しました

================================================================================================================================================================
 Package                                    アーキテクチャー                バージョン                                リポジトリー                         容量
================================================================================================================================================================
インストール中:
 postgresql-server                          x86_64                          9.2.24-6.amzn2                            amzn2-core                          3.8 M
依存性関連でのインストールをします:
 postgresql                                 x86_64                          9.2.24-6.amzn2                            amzn2-core                          3.0 M
 postgresql-libs                            x86_64                          9.2.24-6.amzn2                            amzn2-core                          232 k

トランザクションの要約
================================================================================================================================================================
インストール  1 パッケージ (+2 個の依存関係のパッケージ)

総ダウンロード容量: 7.1 M
インストール容量: 33 M
Downloading packages:
(1/3): postgresql-libs-9.2.24-6.amzn2.x86_64.rpm                                                                                         | 232 kB  00:00:00     
(2/3): postgresql-9.2.24-6.amzn2.x86_64.rpm                                                                                              | 3.0 MB  00:00:00     
(3/3): postgresql-server-9.2.24-6.amzn2.x86_64.rpm                                                                                       | 3.8 MB  00:00:00     
----------------------------------------------------------------------------------------------------------------------------------------------------------------
合計                                                                                                                             16 MB/s | 7.1 MB  00:00:00     
Running transaction check
Running transaction test
Transaction test succeeded
Running transaction
  インストール中          : postgresql-libs-9.2.24-6.amzn2.x86_64                                                                                           1/3 
  インストール中          : postgresql-9.2.24-6.amzn2.x86_64                                                                                                2/3 
  インストール中          : postgresql-server-9.2.24-6.amzn2.x86_64                                                                                         3/3 
  検証中                  : postgresql-9.2.24-6.amzn2.x86_64                                                                                                1/3 
  検証中                  : postgresql-server-9.2.24-6.amzn2.x86_64                                                                                         2/3 
  検証中                  : postgresql-libs-9.2.24-6.amzn2.x86_64                                                                                           3/3 

インストール:
  postgresql-server.x86_64 0:9.2.24-6.amzn2                                                                                                                     

依存性関連をインストールしました:
  postgresql.x86_64 0:9.2.24-6.amzn2                                           postgresql-libs.x86_64 0:9.2.24-6.amzn2                                          

完了しました!
[ec2-user@ip-172-31-16-38 ~]$ sudo postgresql-setup initdb
Initializing database ... OK

[ec2-user@ip-172-31-16-38 ~]$ sudo vim /var/lib/pgsql/data/pg_hba.conf
[ec2-user@ip-172-31-16-38 ~]$ sudo cat /var/lib/pgsql/data/pg_hba.conf
# PostgreSQL Client Authentication Configuration File
# ===================================================
#
# Refer to the "Client Authentication" section in the PostgreSQL
# documentation for a complete description of this file.  A short
# synopsis follows.
#
# This file controls: which hosts are allowed to connect, how clients
# are authenticated, which PostgreSQL user names they can use, which
# databases they can access.  Records take one of these forms:
#
# local      DATABASE  USER  METHOD  [OPTIONS]
# host       DATABASE  USER  ADDRESS  METHOD  [OPTIONS]
# hostssl    DATABASE  USER  ADDRESS  METHOD  [OPTIONS]
# hostnossl  DATABASE  USER  ADDRESS  METHOD  [OPTIONS]
#
# (The uppercase items must be replaced by actual values.)
#
# The first field is the connection type: "local" is a Unix-domain
# socket, "host" is either a plain or SSL-encrypted TCP/IP socket,
# "hostssl" is an SSL-encrypted TCP/IP socket, and "hostnossl" is a
# plain TCP/IP socket.
#
# DATABASE can be "all", "sameuser", "samerole", "replication", a
# database name, or a comma-separated list thereof. The "all"
# keyword does not match "replication". Access to replication
# must be enabled in a separate record (see example below).
#
# USER can be "all", a user name, a group name prefixed with "+", or a
# comma-separated list thereof.  In both the DATABASE and USER fields
# you can also write a file name prefixed with "@" to include names
# from a separate file.
#
# ADDRESS specifies the set of hosts the record matches.  It can be a
# host name, or it is made up of an IP address and a CIDR mask that is
# an integer (between 0 and 32 (IPv4) or 128 (IPv6) inclusive) that
# specifies the number of significant bits in the mask.  A host name
# that starts with a dot (.) matches a suffix of the actual host name.
# Alternatively, you can write an IP address and netmask in separate
# columns to specify the set of hosts.  Instead of a CIDR-address, you
# can write "samehost" to match any of the server's own IP addresses,
# or "samenet" to match any address in any subnet that the server is
# directly connected to.
#
# METHOD can be "trust", "reject", "md5", "password", "gss", "sspi",
# "krb5", "ident", "peer", "pam", "ldap", "radius" or "cert".  Note that
# "password" sends passwords in clear text; "md5" is preferred since
# it sends encrypted passwords.
#
# OPTIONS are a set of options for the authentication in the format
# NAME=VALUE.  The available options depend on the different
# authentication methods -- refer to the "Client Authentication"
# section in the documentation for a list of which options are
# available for which authentication methods.
#
# Database and user names containing spaces, commas, quotes and other
# special characters must be quoted.  Quoting one of the keywords
# "all", "sameuser", "samerole" or "replication" makes the name lose
# its special character, and just match a database or username with
# that name.
#
# This file is read on server startup and when the postmaster receives
# a SIGHUP signal.  If you edit the file on a running system, you have
# to SIGHUP the postmaster for the changes to take effect.  You can
# use "pg_ctl reload" to do that.

# Put your actual configuration here
# ----------------------------------
#
# If you want to allow non-local connections, you need to add more
# "host" records.  In that case you will also need to make PostgreSQL
# listen on a non-local interface via the listen_addresses
# configuration parameter, or via the -i or -h command line switches.



# TYPE  DATABASE        USER            ADDRESS                 METHOD

# "local" is for Unix domain socket connections only
local   all             all                                     peer
# IPv4 local connections:
host    all             all             127.0.0.1/32            md5
# IPv6 local connections:
host    all             all             ::1/128                 ident
# Allow replication connections from localhost, by a user with the
# replication privilege.
#local   replication     postgres                                peer
#host    replication     postgres        127.0.0.1/32            ident
#host    replication     postgres        ::1/128                 ident
[ec2-user@ip-172-31-16-38 ~]$ sudo systemctl enable postgresql.service
Created symlink from /etc/systemd/system/multi-user.target.wants/postgresql.service to /usr/lib/systemd/system/postgresql.service.
[ec2-user@ip-172-31-16-38 ~]$ sudo systemctl start postgresql.service
[ec2-user@ip-172-31-16-38 ~]$ su - postgres
パスワード:
[ec2-user@ip-172-31-16-38 ~]$ sudo su - postgres
-bash-4.2$ psql
psql (9.2.24)
Type "help" for help.

postgres=# alter role postgres with password 'postgres'
postgres-# ;
ALTER ROLE
postgres=# ^\Quit
-bash-4.2$ psql -U postgres -f /tmp/init.sql
psql:/tmp/init.sql:10: NOTICE:  CREATE TABLE / PRIMARY KEYはテーブル"stocks"に暗黙的なインデックス"stocks_pkey"を作成します
CREATE TABLE
psql:/tmp/init.sql:21: NOTICE:  CREATE TABLE / PRIMARY KEYはテーブル"sales"に暗黙的なインデックス"sales_pkey"を作成します
CREATE TABLE
-bash-4.2$ exit
logout
[ec2-user@ip-172-31-16-38 ~]$ sudo systemctl restart postgresql.service
[ec2-user@ip-172-31-16-38 ~]$ sudo vim /etc/httpd/conf.d/proxy-ajp.conf
[ec2-user@ip-172-31-16-38 ~]$ sudo systemctl restart httpd
[ec2-user@ip-172-31-16-38 ~]$ sudo yum install -y java-11-amazon-corretto.x86_64
読み込んだプラグイン:extras_suggestions, langpacks, priorities, update-motd
依存性の解決をしています
--> トランザクションの確認を実行しています。
---> パッケージ java-11-amazon-corretto.x86_64 1:11.0.16+9-1.amzn2 を インストール
--> 依存性の処理をしています: java-11-amazon-corretto-headless(x86-64) = 1:11.0.16+9-1.amzn2 のパッケージ: 1:java-11-amazon-corretto-11.0.16+9-1.amzn2.x86_64
--> 依存性の処理をしています: dejavu-sans-mono-fonts のパッケージ: 1:java-11-amazon-corretto-11.0.16+9-1.amzn2.x86_64
--> 依存性の処理をしています: dejavu-serif-fonts のパッケージ: 1:java-11-amazon-corretto-11.0.16+9-1.amzn2.x86_64
--> 依存性の処理をしています: dejavu-sans-fonts のパッケージ: 1:java-11-amazon-corretto-11.0.16+9-1.amzn2.x86_64
--> 依存性の処理をしています: giflib のパッケージ: 1:java-11-amazon-corretto-11.0.16+9-1.amzn2.x86_64
--> 依存性の処理をしています: alsa-lib のパッケージ: 1:java-11-amazon-corretto-11.0.16+9-1.amzn2.x86_64
--> 依存性の処理をしています: libXtst のパッケージ: 1:java-11-amazon-corretto-11.0.16+9-1.amzn2.x86_64
--> 依存性の処理をしています: libXrandr のパッケージ: 1:java-11-amazon-corretto-11.0.16+9-1.amzn2.x86_64
--> 依存性の処理をしています: libXrender のパッケージ: 1:java-11-amazon-corretto-11.0.16+9-1.amzn2.x86_64
--> 依存性の処理をしています: libXt のパッケージ: 1:java-11-amazon-corretto-11.0.16+9-1.amzn2.x86_64
--> 依存性の処理をしています: libXinerama のパッケージ: 1:java-11-amazon-corretto-11.0.16+9-1.amzn2.x86_64
--> 依存性の処理をしています: libXi のパッケージ: 1:java-11-amazon-corretto-11.0.16+9-1.amzn2.x86_64
--> 依存性の処理をしています: libX11 のパッケージ: 1:java-11-amazon-corretto-11.0.16+9-1.amzn2.x86_64
--> トランザクションの確認を実行しています。
---> パッケージ alsa-lib.x86_64 0:1.1.4.1-2.amzn2 を インストール
---> パッケージ dejavu-sans-fonts.noarch 0:2.33-6.amzn2 を インストール
--> 依存性の処理をしています: dejavu-fonts-common = 2.33-6.amzn2 のパッケージ: dejavu-sans-fonts-2.33-6.amzn2.noarch
---> パッケージ dejavu-sans-mono-fonts.noarch 0:2.33-6.amzn2 を インストール
---> パッケージ dejavu-serif-fonts.noarch 0:2.33-6.amzn2 を インストール
---> パッケージ giflib.x86_64 0:4.1.6-9.amzn2.0.2 を インストール
--> 依存性の処理をしています: libSM.so.6()(64bit) のパッケージ: giflib-4.1.6-9.amzn2.0.2.x86_64
--> 依存性の処理をしています: libICE.so.6()(64bit) のパッケージ: giflib-4.1.6-9.amzn2.0.2.x86_64
---> パッケージ java-11-amazon-corretto-headless.x86_64 1:11.0.16+9-1.amzn2 を インストール
--> 依存性の処理をしています: log4j-cve-2021-44228-cve-mitigations のパッケージ: 1:java-11-amazon-corretto-headless-11.0.16+9-1.amzn2.x86_64
--> 依存性の処理をしています: fontconfig のパッケージ: 1:java-11-amazon-corretto-headless-11.0.16+9-1.amzn2.x86_64
---> パッケージ libX11.x86_64 0:1.6.7-3.amzn2.0.2 を インストール
--> 依存性の処理をしています: libX11-common >= 1.6.7-3.amzn2.0.2 のパッケージ: libX11-1.6.7-3.amzn2.0.2.x86_64
--> 依存性の処理をしています: libxcb.so.1()(64bit) のパッケージ: libX11-1.6.7-3.amzn2.0.2.x86_64
---> パッケージ libXi.x86_64 0:1.7.9-1.amzn2.0.2 を インストール
--> 依存性の処理をしています: libXext.so.6()(64bit) のパッケージ: libXi-1.7.9-1.amzn2.0.2.x86_64
---> パッケージ libXinerama.x86_64 0:1.1.3-2.1.amzn2.0.2 を インストール
---> パッケージ libXrandr.x86_64 0:1.5.1-2.amzn2.0.3 を インストール
---> パッケージ libXrender.x86_64 0:0.9.10-1.amzn2.0.2 を インストール
---> パッケージ libXt.x86_64 0:1.1.5-3.amzn2.0.2 を インストール
---> パッケージ libXtst.x86_64 0:1.2.3-1.amzn2.0.2 を インストール
--> トランザクションの確認を実行しています。
---> パッケージ dejavu-fonts-common.noarch 0:2.33-6.amzn2 を インストール
--> 依存性の処理をしています: fontpackages-filesystem のパッケージ: dejavu-fonts-common-2.33-6.amzn2.noarch
---> パッケージ fontconfig.x86_64 0:2.13.0-4.3.amzn2 を インストール
---> パッケージ libICE.x86_64 0:1.0.9-9.amzn2.0.2 を インストール
---> パッケージ libSM.x86_64 0:1.2.2-2.amzn2.0.2 を インストール
---> パッケージ libX11-common.noarch 0:1.6.7-3.amzn2.0.2 を インストール
---> パッケージ libXext.x86_64 0:1.3.3-3.amzn2.0.2 を インストール
---> パッケージ libxcb.x86_64 0:1.12-1.amzn2.0.2 を インストール
--> 依存性の処理をしています: libXau.so.6()(64bit) のパッケージ: libxcb-1.12-1.amzn2.0.2.x86_64
---> パッケージ log4j-cve-2021-44228-hotpatch.noarch 0:1.3-7.amzn2 を インストール
--> トランザクションの確認を実行しています。
---> パッケージ fontpackages-filesystem.noarch 0:1.44-8.amzn2 を インストール
---> パッケージ libXau.x86_64 0:1.0.8-2.1.amzn2.0.2 を インストール
--> 依存性解決を終了しました。

依存性を解決しました

================================================================================================================================================================
 Package                                              アーキテクチャー           バージョン                                リポジトリー                    容量
================================================================================================================================================================
インストール中:
 java-11-amazon-corretto                              x86_64                     1:11.0.16+9-1.amzn2                       amzn2-core                     190 k
依存性関連でのインストールをします:
 alsa-lib                                             x86_64                     1.1.4.1-2.amzn2                           amzn2-core                     425 k
 dejavu-fonts-common                                  noarch                     2.33-6.amzn2                              amzn2-core                      64 k
 dejavu-sans-fonts                                    noarch                     2.33-6.amzn2                              amzn2-core                     1.4 M
 dejavu-sans-mono-fonts                               noarch                     2.33-6.amzn2                              amzn2-core                     433 k
 dejavu-serif-fonts                                   noarch                     2.33-6.amzn2                              amzn2-core                     777 k
 fontconfig                                           x86_64                     2.13.0-4.3.amzn2                          amzn2-core                     253 k
 fontpackages-filesystem                              noarch                     1.44-8.amzn2                              amzn2-core                      10 k
 giflib                                               x86_64                     4.1.6-9.amzn2.0.2                         amzn2-core                      40 k
 java-11-amazon-corretto-headless                     x86_64                     1:11.0.16+9-1.amzn2                       amzn2-core                     165 M
 libICE                                               x86_64                     1.0.9-9.amzn2.0.2                         amzn2-core                      67 k
 libSM                                                x86_64                     1.2.2-2.amzn2.0.2                         amzn2-core                      39 k
 libX11                                               x86_64                     1.6.7-3.amzn2.0.2                         amzn2-core                     606 k
 libX11-common                                        noarch                     1.6.7-3.amzn2.0.2                         amzn2-core                     165 k
 libXau                                               x86_64                     1.0.8-2.1.amzn2.0.2                       amzn2-core                      29 k
 libXext                                              x86_64                     1.3.3-3.amzn2.0.2                         amzn2-core                      39 k
 libXi                                                x86_64                     1.7.9-1.amzn2.0.2                         amzn2-core                      41 k
 libXinerama                                          x86_64                     1.1.3-2.1.amzn2.0.2                       amzn2-core                      14 k
 libXrandr                                            x86_64                     1.5.1-2.amzn2.0.3                         amzn2-core                      27 k
 libXrender                                           x86_64                     0.9.10-1.amzn2.0.2                        amzn2-core                      26 k
 libXt                                                x86_64                     1.1.5-3.amzn2.0.2                         amzn2-core                     177 k
 libXtst                                              x86_64                     1.2.3-1.amzn2.0.2                         amzn2-core                      20 k
 libxcb                                               x86_64                     1.12-1.amzn2.0.2                          amzn2-core                     216 k
 log4j-cve-2021-44228-hotpatch                        noarch                     1.3-7.amzn2                               amzn2-core                     139 k

トランザクションの要約
================================================================================================================================================================
インストール  1 パッケージ (+23 個の依存関係のパッケージ)

総ダウンロード容量: 170 M
インストール容量: 322 M
Downloading packages:
(1/24): alsa-lib-1.1.4.1-2.amzn2.x86_64.rpm                                                                                              | 425 kB  00:00:00     
(2/24): dejavu-fonts-common-2.33-6.amzn2.noarch.rpm                                                                                      |  64 kB  00:00:00     
(3/24): dejavu-sans-mono-fonts-2.33-6.amzn2.noarch.rpm                                                                                   | 433 kB  00:00:00     
(4/24): dejavu-sans-fonts-2.33-6.amzn2.noarch.rpm                                                                                        | 1.4 MB  00:00:00     
(5/24): dejavu-serif-fonts-2.33-6.amzn2.noarch.rpm                                                                                       | 777 kB  00:00:00     
(6/24): fontconfig-2.13.0-4.3.amzn2.x86_64.rpm                                                                                           | 253 kB  00:00:00     
(7/24): fontpackages-filesystem-1.44-8.amzn2.noarch.rpm                                                                                  |  10 kB  00:00:00     
(8/24): giflib-4.1.6-9.amzn2.0.2.x86_64.rpm                                                                                              |  40 kB  00:00:00     
(9/24): java-11-amazon-corretto-11.0.16+9-1.amzn2.x86_64.rpm                                                                             | 190 kB  00:00:00     
(10/24): libICE-1.0.9-9.amzn2.0.2.x86_64.rpm                                                                                             |  67 kB  00:00:00     
(11/24): libSM-1.2.2-2.amzn2.0.2.x86_64.rpm                                                                                              |  39 kB  00:00:00     
(12/24): libX11-1.6.7-3.amzn2.0.2.x86_64.rpm                                                                                             | 606 kB  00:00:00     
(13/24): libX11-common-1.6.7-3.amzn2.0.2.noarch.rpm                                                                                      | 165 kB  00:00:00     
(14/24): libXau-1.0.8-2.1.amzn2.0.2.x86_64.rpm                                                                                           |  29 kB  00:00:00     
(15/24): libXext-1.3.3-3.amzn2.0.2.x86_64.rpm                                                                                            |  39 kB  00:00:00     
(16/24): libXi-1.7.9-1.amzn2.0.2.x86_64.rpm                                                                                              |  41 kB  00:00:00     
(17/24): libXinerama-1.1.3-2.1.amzn2.0.2.x86_64.rpm                                                                                      |  14 kB  00:00:00     
(18/24): libXrandr-1.5.1-2.amzn2.0.3.x86_64.rpm                                                                                          |  27 kB  00:00:00     
(19/24): libXrender-0.9.10-1.amzn2.0.2.x86_64.rpm                                                                                        |  26 kB  00:00:00     
(20/24): libXt-1.1.5-3.amzn2.0.2.x86_64.rpm                                                                                              | 177 kB  00:00:00     
(21/24): libXtst-1.2.3-1.amzn2.0.2.x86_64.rpm                                                                                            |  20 kB  00:00:00     
(22/24): libxcb-1.12-1.amzn2.0.2.x86_64.rpm                                                                                              | 216 kB  00:00:00     
(23/24): log4j-cve-2021-44228-hotpatch-1.3-7.amzn2.noarch.rpm                                                                            | 139 kB  00:00:00     
(24/24): java-11-amazon-corretto-headless-11.0.16+9-1.amzn2.x86_64.rpm                                                                   | 165 MB  00:00:02     
----------------------------------------------------------------------------------------------------------------------------------------------------------------
合計                                                                                                                             69 MB/s | 170 MB  00:00:02     
Running transaction check
Running transaction test
Transaction test succeeded
Running transaction
  インストール中          : libICE-1.0.9-9.amzn2.0.2.x86_64                                                                                                1/24 
  インストール中          : libSM-1.2.2-2.amzn2.0.2.x86_64                                                                                                 2/24 
  インストール中          : fontpackages-filesystem-1.44-8.amzn2.noarch                                                                                    3/24 
  インストール中          : dejavu-fonts-common-2.33-6.amzn2.noarch                                                                                        4/24 
  インストール中          : dejavu-sans-fonts-2.33-6.amzn2.noarch                                                                                          5/24 
  インストール中          : fontconfig-2.13.0-4.3.amzn2.x86_64                                                                                             6/24 
  インストール中          : dejavu-serif-fonts-2.33-6.amzn2.noarch                                                                                         7/24 
  インストール中          : dejavu-sans-mono-fonts-2.33-6.amzn2.noarch                                                                                     8/24 
  インストール中          : alsa-lib-1.1.4.1-2.amzn2.x86_64                                                                                                9/24 
  インストール中          : libXau-1.0.8-2.1.amzn2.0.2.x86_64                                                                                             10/24 
  インストール中          : libxcb-1.12-1.amzn2.0.2.x86_64                                                                                                11/24 
  インストール中          : libX11-common-1.6.7-3.amzn2.0.2.noarch                                                                                        12/24 
  インストール中          : libX11-1.6.7-3.amzn2.0.2.x86_64                                                                                               13/24 
  インストール中          : libXext-1.3.3-3.amzn2.0.2.x86_64                                                                                              14/24 
  インストール中          : libXi-1.7.9-1.amzn2.0.2.x86_64                                                                                                15/24 
  インストール中          : libXrender-0.9.10-1.amzn2.0.2.x86_64                                                                                          16/24 
  インストール中          : libXrandr-1.5.1-2.amzn2.0.3.x86_64                                                                                            17/24 
  インストール中          : libXtst-1.2.3-1.amzn2.0.2.x86_64                                                                                              18/24 
  インストール中          : libXinerama-1.1.3-2.1.amzn2.0.2.x86_64                                                                                        19/24 
  インストール中          : libXt-1.1.5-3.amzn2.0.2.x86_64                                                                                                20/24 
  インストール中          : giflib-4.1.6-9.amzn2.0.2.x86_64                                                                                               21/24 
  インストール中          : log4j-cve-2021-44228-hotpatch-1.3-7.amzn2.noarch                                                                              22/24 
Created symlink from /etc/systemd/system/multi-user.target.wants/log4j-cve-2021-44228-hotpatch.service to /usr/lib/systemd/system/log4j-cve-2021-44228-hotpatch.service.
  インストール中          : 1:java-11-amazon-corretto-headless-11.0.16+9-1.amzn2.x86_64                                                                   23/24 
alternatives バージョン 1.7.4 - Copyright (C) 2001 Red Hat, Inc.
これは GNU 一般公有使用許諾書の規定の元で自由に再配布することができます。

使用法: alternatives --install <link> <name> <path> <priority>
                    [--initscript <service>]

                    [--family <family>]
                    [--slave <link> <name> <path>]*
       alternatives --remove <name> <path>
       alternatives --auto <name>
       alternatives --config <name>
       alternatives --display <name>
       alternatives --set <name> <path>
       alternatives --list

一般的なオプション: --verbose --test --help --usage --version --keep-missing
                --altdir <directory> --admindir <directory>
  インストール中          : 1:java-11-amazon-corretto-11.0.16+9-1.amzn2.x86_64                                                                            24/24 
  検証中                  : dejavu-serif-fonts-2.33-6.amzn2.noarch                                                                                         1/24 
  検証中                  : fontpackages-filesystem-1.44-8.amzn2.noarch                                                                                    2/24 
  検証中                  : libxcb-1.12-1.amzn2.0.2.x86_64                                                                                                 3/24 
  検証中                  : libXrandr-1.5.1-2.amzn2.0.3.x86_64                                                                                             4/24 
  検証中                  : libXext-1.3.3-3.amzn2.0.2.x86_64                                                                                               5/24 
  検証中                  : libX11-1.6.7-3.amzn2.0.2.x86_64                                                                                                6/24 
  検証中                  : log4j-cve-2021-44228-hotpatch-1.3-7.amzn2.noarch                                                                               7/24 
  検証中                  : 1:java-11-amazon-corretto-11.0.16+9-1.amzn2.x86_64                                                                             8/24 
  検証中                  : dejavu-sans-mono-fonts-2.33-6.amzn2.noarch                                                                                     9/24 
  検証中                  : 1:java-11-amazon-corretto-headless-11.0.16+9-1.amzn2.x86_64                                                                   10/24 
  検証中                  : libX11-common-1.6.7-3.amzn2.0.2.noarch                                                                                        11/24 
  検証中                  : dejavu-fonts-common-2.33-6.amzn2.noarch                                                                                       12/24 
  検証中                  : libXau-1.0.8-2.1.amzn2.0.2.x86_64                                                                                             13/24 
  検証中                  : libSM-1.2.2-2.amzn2.0.2.x86_64                                                                                                14/24 
  検証中                  : libXrender-0.9.10-1.amzn2.0.2.x86_64                                                                                          15/24 
  検証中                  : dejavu-sans-fonts-2.33-6.amzn2.noarch                                                                                         16/24 
  検証中                  : fontconfig-2.13.0-4.3.amzn2.x86_64                                                                                            17/24 
  検証中                  : libXt-1.1.5-3.amzn2.0.2.x86_64                                                                                                18/24 
  検証中                  : giflib-4.1.6-9.amzn2.0.2.x86_64                                                                                               19/24 
  検証中                  : libXinerama-1.1.3-2.1.amzn2.0.2.x86_64                                                                                        20/24 
  検証中                  : libXi-1.7.9-1.amzn2.0.2.x86_64                                                                                                21/24 
  検証中                  : libXtst-1.2.3-1.amzn2.0.2.x86_64                                                                                              22/24 
  検証中                  : alsa-lib-1.1.4.1-2.amzn2.x86_64                                                                                               23/24 
  検証中                  : libICE-1.0.9-9.amzn2.0.2.x86_64                                                                                               24/24 

インストール:
  java-11-amazon-corretto.x86_64 1:11.0.16+9-1.amzn2                                                                                                            

依存性関連をインストールしました:
  alsa-lib.x86_64 0:1.1.4.1-2.amzn2             dejavu-fonts-common.noarch 0:2.33-6.amzn2          dejavu-sans-fonts.noarch 0:2.33-6.amzn2                    
  dejavu-sans-mono-fonts.noarch 0:2.33-6.amzn2  dejavu-serif-fonts.noarch 0:2.33-6.amzn2           fontconfig.x86_64 0:2.13.0-4.3.amzn2                       
  fontpackages-filesystem.noarch 0:1.44-8.amzn2 giflib.x86_64 0:4.1.6-9.amzn2.0.2                  java-11-amazon-corretto-headless.x86_64 1:11.0.16+9-1.amzn2
  libICE.x86_64 0:1.0.9-9.amzn2.0.2             libSM.x86_64 0:1.2.2-2.amzn2.0.2                   libX11.x86_64 0:1.6.7-3.amzn2.0.2                          
  libX11-common.noarch 0:1.6.7-3.amzn2.0.2      libXau.x86_64 0:1.0.8-2.1.amzn2.0.2                libXext.x86_64 0:1.3.3-3.amzn2.0.2                         
  libXi.x86_64 0:1.7.9-1.amzn2.0.2              libXinerama.x86_64 0:1.1.3-2.1.amzn2.0.2           libXrandr.x86_64 0:1.5.1-2.amzn2.0.3                       
  libXrender.x86_64 0:0.9.10-1.amzn2.0.2        libXt.x86_64 0:1.1.5-3.amzn2.0.2                   libXtst.x86_64 0:1.2.3-1.amzn2.0.2                         
  libxcb.x86_64 0:1.12-1.amzn2.0.2              log4j-cve-2021-44228-hotpatch.noarch 0:1.3-7.amzn2

完了しました!
[ec2-user@ip-172-31-16-38 ~]$ cp -p /tmp/api.jar ~/
[ec2-user@ip-172-31-16-38 ~]$ ls -l
合計 46808
-rw-r--r-- 1 ec2-user ec2-user 47930499  8月 28 14:28 api.jar
[ec2-user@ip-172-31-16-38 ~]$ nohup java -jar api.jar &
[1] 29157
[ec2-user@ip-172-31-16-38 ~]$ nohup: 入力を無視し、出力を `nohup.out' に追記します

[ec2-user@ip-172-31-16-38 ~]$ 
